2025-10-19 02:16:23,209 - INFO - Creating comprehensive news dataset for Apple Inc....
2025-10-19 02:16:23,209 - INFO - Created 15 articles for Apple Inc.
2025-10-19 02:16:23,209 - INFO - Creating comprehensive news dataset for NVIDIA Corporation...
2025-10-19 02:16:23,209 - INFO - Created 15 articles for NVIDIA Corporation
2025-10-19 02:16:23,209 - INFO - Creating comprehensive news dataset for Eli Lilly and Company...
2025-10-19 02:16:23,209 - INFO - Created 15 articles for Eli Lilly and Company
2025-10-19 02:16:23,209 - INFO - Creating comprehensive news dataset for Novo Nordisk A/S...
2025-10-19 02:16:23,209 - INFO - Created 15 articles for Novo Nordisk A/S
2025-10-19 02:16:23,209 - INFO - Creating comprehensive news dataset for Genentech (Roche)...
2025-10-19 02:16:23,210 - INFO - Created 15 articles for Genentech (Roche)
2025-10-19 02:16:23,211 - INFO - Saved 15 comprehensive articles for AAPL
2025-10-19 02:16:23,212 - INFO - Saved 15 comprehensive articles for NVDA
2025-10-19 02:16:23,213 - INFO - Saved 15 comprehensive articles for LLY
2025-10-19 02:16:23,214 - INFO - Saved 15 comprehensive articles for NVO
2025-10-19 02:16:23,214 - INFO - Saved 15 comprehensive articles for DNA
2025-10-19 02:16:24,015 - INFO - Using categorical units to plot a list of strings that are all parsable as floats or dates. If these strings should be plotted as numbers, cast to the appropriate data type before plotting.
2025-10-19 02:16:24,016 - INFO - Using categorical units to plot a list of strings that are all parsable as floats or dates. If these strings should be plotted as numbers, cast to the appropriate data type before plotting.
2025-10-19 02:16:24,017 - INFO - Using categorical units to plot a list of strings that are all parsable as floats or dates. If these strings should be plotted as numbers, cast to the appropriate data type before plotting.
2025-10-19 02:16:24,017 - INFO - Using categorical units to plot a list of strings that are all parsable as floats or dates. If these strings should be plotted as numbers, cast to the appropriate data type before plotting.
2025-10-19 02:16:24,018 - INFO - Using categorical units to plot a list of strings that are all parsable as floats or dates. If these strings should be plotted as numbers, cast to the appropriate data type before plotting.
2025-10-19 02:16:24,018 - INFO - Using categorical units to plot a list of strings that are all parsable as floats or dates. If these strings should be plotted as numbers, cast to the appropriate data type before plotting.
2025-10-19 02:16:24,019 - INFO - Using categorical units to plot a list of strings that are all parsable as floats or dates. If these strings should be plotted as numbers, cast to the appropriate data type before plotting.
2025-10-19 02:16:24,019 - INFO - Using categorical units to plot a list of strings that are all parsable as floats or dates. If these strings should be plotted as numbers, cast to the appropriate data type before plotting.
2025-10-19 02:16:24,020 - INFO - Using categorical units to plot a list of strings that are all parsable as floats or dates. If these strings should be plotted as numbers, cast to the appropriate data type before plotting.
2025-10-19 02:16:24,020 - INFO - Using categorical units to plot a list of strings that are all parsable as floats or dates. If these strings should be plotted as numbers, cast to the appropriate data type before plotting.
