2025-10-19 01:40:45,479 - INFO - Created high-frequency data directory: high_freq_data
2025-10-19 01:40:45,479 - INFO - Starting high-frequency download for 5 stocks at 4 intervals
2025-10-19 01:40:45,479 - INFO - Processing NVO...
2025-10-19 01:40:45,479 - INFO - Downloading 5m data for NVO (period: 60d)...
2025-10-19 01:40:46,075 - INFO - Successfully downloaded 4680 records for NVO at 5m interval
2025-10-19 01:40:46,140 - INFO - Saved 5m data for NVO: 4680 records
2025-10-19 01:40:48,145 - INFO - Downloading 15m data for NVO (period: 60d)...
2025-10-19 01:40:48,313 - INFO - Successfully downloaded 1560 records for NVO at 15m interval
2025-10-19 01:40:48,338 - INFO - Saved 15m data for NVO: 1560 records
2025-10-19 01:40:50,343 - INFO - Downloading 30m data for NVO (period: 60d)...
2025-10-19 01:40:50,406 - INFO - Successfully downloaded 780 records for NVO at 30m interval
2025-10-19 01:40:50,419 - INFO - Saved 30m data for NVO: 780 records
2025-10-19 01:40:52,424 - INFO - Downloading 1h data for NVO (period: 730d)...
2025-10-19 01:40:53,190 - INFO - Successfully downloaded 5082 records for NVO at 1h interval
2025-10-19 01:40:53,245 - INFO - Saved 1h data for NVO: 5082 records
2025-10-19 01:41:00,255 - INFO - Processing LLY...
2025-10-19 01:41:00,256 - INFO - Downloading 5m data for LLY (period: 60d)...
2025-10-19 01:41:00,603 - INFO - Successfully downloaded 4680 records for LLY at 5m interval
2025-10-19 01:41:00,653 - INFO - Saved 5m data for LLY: 4680 records
2025-10-19 01:41:02,658 - INFO - Downloading 15m data for LLY (period: 60d)...
2025-10-19 01:41:02,866 - INFO - Successfully downloaded 1560 records for LLY at 15m interval
2025-10-19 01:41:02,885 - INFO - Saved 15m data for LLY: 1560 records
2025-10-19 01:41:04,890 - INFO - Downloading 30m data for LLY (period: 60d)...
2025-10-19 01:41:04,977 - INFO - Successfully downloaded 780 records for LLY at 30m interval
2025-10-19 01:41:04,990 - INFO - Saved 30m data for LLY: 780 records
2025-10-19 01:41:06,991 - INFO - Downloading 1h data for LLY (period: 730d)...
2025-10-19 01:41:07,289 - INFO - Successfully downloaded 5082 records for LLY at 1h interval
2025-10-19 01:41:07,344 - INFO - Saved 1h data for LLY: 5082 records
2025-10-19 01:41:14,350 - INFO - Processing AAPL...
2025-10-19 01:41:14,350 - INFO - Downloading 5m data for AAPL (period: 60d)...
2025-10-19 01:41:14,602 - INFO - Successfully downloaded 4653 records for AAPL at 5m interval
2025-10-19 01:41:14,654 - INFO - Saved 5m data for AAPL: 4653 records
2025-10-19 01:41:16,657 - INFO - Downloading 15m data for AAPL (period: 60d)...
2025-10-19 01:41:16,880 - INFO - Successfully downloaded 1559 records for AAPL at 15m interval
2025-10-19 01:41:16,896 - INFO - Saved 15m data for AAPL: 1559 records
2025-10-19 01:41:18,901 - INFO - Downloading 30m data for AAPL (period: 60d)...
2025-10-19 01:41:18,971 - INFO - Successfully downloaded 780 records for AAPL at 30m interval
2025-10-19 01:41:18,985 - INFO - Saved 30m data for AAPL: 780 records
2025-10-19 01:41:20,990 - INFO - Downloading 1h data for AAPL (period: 730d)...
2025-10-19 01:41:21,295 - INFO - Successfully downloaded 5082 records for AAPL at 1h interval
2025-10-19 01:41:21,351 - INFO - Saved 1h data for AAPL: 5082 records
2025-10-19 01:41:28,361 - INFO - Processing NVDA...
2025-10-19 01:41:28,361 - INFO - Downloading 5m data for NVDA (period: 60d)...
2025-10-19 01:41:28,652 - INFO - Successfully downloaded 4674 records for NVDA at 5m interval
2025-10-19 01:41:28,706 - INFO - Saved 5m data for NVDA: 4674 records
2025-10-19 01:41:30,711 - INFO - Downloading 15m data for NVDA (period: 60d)...
2025-10-19 01:41:30,875 - INFO - Successfully downloaded 1560 records for NVDA at 15m interval
2025-10-19 01:41:30,895 - INFO - Saved 15m data for NVDA: 1560 records
2025-10-19 01:41:32,901 - INFO - Downloading 30m data for NVDA (period: 60d)...
2025-10-19 01:41:32,974 - INFO - Successfully downloaded 780 records for NVDA at 30m interval
2025-10-19 01:41:32,987 - INFO - Saved 30m data for NVDA: 780 records
2025-10-19 01:41:34,992 - INFO - Downloading 1h data for NVDA (period: 730d)...
2025-10-19 01:41:35,768 - INFO - Successfully downloaded 5082 records for NVDA at 1h interval
2025-10-19 01:41:35,823 - INFO - Saved 1h data for NVDA: 5082 records
2025-10-19 01:41:42,828 - INFO - Processing DNA...
2025-10-19 01:41:42,828 - INFO - Downloading 5m data for DNA (period: 60d)...
2025-10-19 01:41:43,075 - INFO - Successfully downloaded 4675 records for DNA at 5m interval
2025-10-19 01:41:43,129 - INFO - Saved 5m data for DNA: 4675 records
2025-10-19 01:41:45,133 - INFO - Downloading 15m data for DNA (period: 60d)...
2025-10-19 01:41:45,291 - INFO - Successfully downloaded 1560 records for DNA at 15m interval
2025-10-19 01:41:45,309 - INFO - Saved 15m data for DNA: 1560 records
2025-10-19 01:41:47,314 - INFO - Downloading 30m data for DNA (period: 60d)...
2025-10-19 01:41:47,384 - INFO - Successfully downloaded 780 records for DNA at 30m interval
2025-10-19 01:41:47,397 - INFO - Saved 30m data for DNA: 780 records
2025-10-19 01:41:49,403 - INFO - Downloading 1h data for DNA (period: 730d)...
2025-10-19 01:41:50,186 - INFO - Successfully downloaded 5082 records for DNA at 1h interval
2025-10-19 01:41:50,241 - INFO - Saved 1h data for DNA: 5082 records
2025-10-19 01:41:57,461 - INFO - Saved combined 5m data: 23362 records
2025-10-19 01:41:57,535 - INFO - Saved combined 15m data: 7799 records
2025-10-19 01:41:57,573 - INFO - Saved combined 30m data: 3900 records
2025-10-19 01:41:57,800 - INFO - Saved combined 1h data: 25410 records
2025-10-19 01:41:57,803 - INFO - Summary report saved: 20 datasets
